<?xml version="1.0" encoding="UTF-8"?>
<!-- Generated by org.testng.reporters.JUnitReportReporter -->
<testsuite skipped="0" hostname="Chirag-PC" name="Demo" tests="2" failures="0" timestamp="26 Sep 2019 09:37:10 GMT" time="35.656" errors="0">
  <testcase name="browser" time="4.755" classname="Demo"/>
  <testcase name="cart" time="30.901" classname="Demo"/>
</testsuite> <!-- Demo -->
