<?xml version="1.0" encoding="UTF-8"?>
<!-- Generated by org.testng.reporters.JUnitReportReporter -->
<testsuite skipped="0" hostname="Chirag-PC" name="com.auto.Demo" tests="5" failures="0" timestamp="26 Sep 2019 18:23:36 GMT" time="45.484" errors="0">
  <testcase name="browser" time="9.063" classname="com.auto.Demo"/>
  <testcase name="logIn" time="8.597" classname="com.auto.Demo"/>
  <testcase name="searchProduct" time="15.481" classname="com.auto.Demo"/>
  <testcase name="identifyProduct" time="6.174" classname="com.auto.Demo"/>
  <testcase name="addToCart" time="6.169" classname="com.auto.Demo"/>
</testsuite> <!-- com.auto.Demo -->
