<?xml version="1.0" encoding="UTF-8"?>
<!-- Generated by org.testng.reporters.JUnitReportReporter -->
<testsuite skipped="0" hostname="Chirag-PC" name="com.auto.day4.NodeChrome" tests="1" failures="0" timestamp="28 Sep 2019 05:21:06 GMT" time="26.250" errors="0">
  <testcase name="setUpChrome" time="26.250" classname="com.auto.day4.NodeChrome"/>
</testsuite> <!-- com.auto.day4.NodeChrome -->
