<?xml version="1.0" encoding="UTF-8"?>
<!-- Generated by org.testng.reporters.JUnitReportReporter -->
<testsuite skipped="0" hostname="Chirag-PC" name="com.auto.GetConfig" tests="1" failures="0" timestamp="27 Sep 2019 06:16:51 GMT" time="0.016" errors="0">
  <testcase name="getData" time="0.016" classname="com.auto.GetConfig"/>
</testsuite> <!-- com.auto.GetConfig -->
