<?xml version="1.0" encoding="UTF-8"?>
<!-- Generated by org.testng.reporters.JUnitReportReporter -->
<testsuite skipped="0" hostname="Chirag-PC" name="com.auto.day4.HeadlessUsingHtmlUnitDriver" tests="1" failures="0" timestamp="28 Sep 2019 07:36:37 GMT" time="7.330" errors="0">
  <testcase name="HeadlessChrome_Test_1" time="7.330" classname="com.auto.day4.HeadlessUsingHtmlUnitDriver"/>
</testsuite> <!-- com.auto.day4.HeadlessUsingHtmlUnitDriver -->
