<?xml version="1.0" encoding="UTF-8"?>
<!-- Generated by org.testng.reporters.JUnitReportReporter -->
<testsuite skipped="0" hostname="Chirag-PC" name="com.auto.FlipkartAddToCart" tests="5" failures="0" timestamp="27 Sep 2019 16:31:50 GMT" time="79.718" errors="0">
  <testcase name="browser" time="19.671" classname="com.auto.FlipkartAddToCart"/>
  <testcase name="logIn" time="36.283" classname="com.auto.FlipkartAddToCart"/>
  <testcase name="searchProduct" time="12.830" classname="com.auto.FlipkartAddToCart"/>
  <testcase name="identifyProduct" time="6.032" classname="com.auto.FlipkartAddToCart"/>
  <testcase name="addToCart" time="4.902" classname="com.auto.FlipkartAddToCart"/>
</testsuite> <!-- com.auto.FlipkartAddToCart -->
