<?xml version="1.0" encoding="UTF-8"?>
<!-- Generated by org.testng.reporters.JUnitReportReporter -->
<testsuite skipped="0" hostname="Chirag-PC" name="com.auto.day4.HeadlessChrome" tests="1" failures="0" timestamp="28 Sep 2019 06:24:44 GMT" time="46.547" errors="0">
  <testcase name="HeadlessChrome_Test_1" time="46.547" classname="com.auto.day4.HeadlessChrome"/>
</testsuite> <!-- com.auto.day4.HeadlessChrome -->
